[debug] [2023-12-07T15:31:22.368Z] ----------------------------------------------------------------------
[debug] [2023-12-07T15:31:22.370Z] Command:       /usr/local/share/nvm/versions/node/v20.9.0/bin/node /home/codespace/nvm/current/bin/firebase init
[debug] [2023-12-07T15:31:22.371Z] CLI Version:   13.0.0
[debug] [2023-12-07T15:31:22.371Z] Platform:      linux
[debug] [2023-12-07T15:31:22.371Z] Node Version:  v20.9.0
[debug] [2023-12-07T15:31:22.371Z] Time:          Thu Dec 07 2023 15:31:22 GMT+0000 (Coordinated Universal Time)
[debug] [2023-12-07T15:31:22.371Z] Env Overrides: GITHUB_API_URL
[debug] [2023-12-07T15:31:22.371Z] ----------------------------------------------------------------------
[debug] 
[debug] [2023-12-07T15:31:22.376Z] > command requires scopes: ["email","openid","https://www.googleapis.com/auth/cloudplatformprojects.readonly","https://www.googleapis.com/auth/firebase","https://www.googleapis.com/auth/cloud-platform"]
[debug] [2023-12-07T15:31:22.376Z] > authorizing via signed-in user (ssu@college.harvard.edu)
[info] 
     ######## #### ########  ######## ########     ###     ######  ########
     ##        ##  ##     ## ##       ##     ##  ##   ##  ##       ##
     ######    ##  ########  ######   ########  #########  ######  ######
     ##        ##  ##    ##  ##       ##     ## ##     ##       ## ##
     ##       #### ##     ## ######## ########  ##     ##  ######  ########

You're about to initialize a Firebase project in this directory:

  /workspaces/RemyGram/basic

Before we get started, keep in mind:

  * You are currently outside your home directory

[info] 
=== Project Setup
[info] 
[info] First, let's associate this project directory with a Firebase project.
[info] You can create multiple project aliases by running firebase use --add, 
[info] but for now we'll just set up a default project.
[info] 
[debug] [2023-12-07T15:32:17.116Z] >>> [apiv2][query] GET https://firebase.googleapis.com/v1beta1/projects pageSize=100
[debug] [2023-12-07T15:32:17.625Z] <<< [apiv2][status] GET https://firebase.googleapis.com/v1beta1/projects 200
[debug] [2023-12-07T15:32:17.626Z] <<< [apiv2][body] GET https://firebase.googleapis.com/v1beta1/projects [omitted]
[info] i  Using project remygram (RemyGram) 
[info] 
=== Hosting Setup
[debug] [2023-12-07T15:32:18.773Z] >>> [apiv2][query] GET https://firebase.googleapis.com/v1beta1/projects/remygram [none]
[debug] [2023-12-07T15:32:18.994Z] <<< [apiv2][status] GET https://firebase.googleapis.com/v1beta1/projects/remygram 200
[debug] [2023-12-07T15:32:18.994Z] <<< [apiv2][body] GET https://firebase.googleapis.com/v1beta1/projects/remygram {"projectId":"remygram","projectNumber":"32679591692","displayName":"RemyGram","name":"projects/remygram","resources":{"hostingSite":"remygram","realtimeDatabaseInstance":"remygram-default-rtdb"},"state":"ACTIVE","etag":"1_e86992eb-4240-4f14-a50a-04bab4374c6e"}
[info] 
[info] Your public directory is the folder (relative to your project directory) that
[info] will contain Hosting assets to be uploaded with firebase deploy. If you
[info] have a build process for your assets, use your build's output directory.
[info] 
[info] ✔  Wrote public/404.html 
[debug] [2023-12-07T15:33:31.005Z] >>> [apiv2][query] GET https://www.gstatic.com/firebasejs/releases.json [none]
[debug] [2023-12-07T15:33:31.027Z] <<< [apiv2][status] GET https://www.gstatic.com/firebasejs/releases.json 200
[debug] [2023-12-07T15:33:31.027Z] <<< [apiv2][body] GET https://www.gstatic.com/firebasejs/releases.json {"current":{"version":"10.7.1","browserURL":"https://www.gstatic.com/firebasejs/10.7.1/firebase.js","packageURL":"https://www.gstatic.com/firebasejs/10.7.1/firebase.tgz"},"live":{"version":"10.7","browserURL":"https://www.gstatic.com/firebasejs/live/10.7/firebase.js","packageURL":"https://www.gstatic.com/firebasejs/live/10.7/firebase.tgz"},"components":{"analytics":"https://www.gstatic.com/firebasejs/10.7.1/firebase-analytics.js","app":"https://www.gstatic.com/firebasejs/10.7.1/firebase-app.js","app-check":"https://www.gstatic.com/firebasejs/10.7.1/firebase-app-check.js","auth":"https://www.gstatic.com/firebasejs/10.7.1/firebase-auth.js","auth/cordova":"https://www.gstatic.com/firebasejs/10.7.1/firebase-auth/cordova.js","functions":"https://www.gstatic.com/firebasejs/10.7.1/firebase-functions.js","firestore":"https://www.gstatic.com/firebasejs/10.7.1/firebase-firestore.js","firestore/lite":"https://www.gstatic.com/firebasejs/10.7.1/firebase-firestore/lite.js","installations":"https://www.gstatic.com/firebasejs/10.7.1/firebase-installations.js","storage":"https://www.gstatic.com/firebasejs/10.7.1/firebase-storage.js","performance":"https://www.gstatic.com/firebasejs/10.7.1/firebase-performance.js","remote-config":"https://www.gstatic.com/firebasejs/10.7.1/firebase-remote-config.js","messaging":"https://www.gstatic.com/firebasejs/10.7.1/firebase-messaging.js","messaging/sw":"https://www.gstatic.com/firebasejs/10.7.1/firebase-messaging/sw.js","database":"https://www.gstatic.com/firebasejs/10.7.1/firebase-database.js","firestore.memory":"https://www.gstatic.com/firebasejs/10.7.1/firebase-firestore.memory.js"}}
[info] i  Skipping write of public/index.html 
[info] 
[info] i  Detected a .git folder at /workspaces/RemyGram 
[info] i  Authorizing with GitHub to upload your service account to a GitHub repository's secrets store. 
[info] 
[info] Visit this URL on this device to log in:
[info] https://github.com/login/oauth/authorize?client_id=89cf50f02ac6aaed3484&state=302016147&redirect_uri=http%3A%2F%2Flocalhost%3A9005&scope=read%3Auser%20repo%20public_repo
[info] 
[info] Waiting for authentication...
